[17:29:21.199] [INFO] storybook v10.1.10
[17:29:21.368] [INFO] Loading main config failed as the file does not seem to be valid ESM. Trying a temporary fix, please ensure the main config is valid ESM.
[17:29:21.595] [DEBUG] Getting package.json info for /Users/umam3/projects/boardwalk/p-zero/autoform/packages/shadcn/package.json...
[17:29:21.596] [WARN] You are currently using Storybook [1m10.1.10[22m but you have packages which are incompatible with it:

- @storybook/addon-essentials@8.6.14 which depends on 8.6.14
 Repo: https://github.com/storybookjs/storybook/tree/next/code/addons/essentials

Please consider updating your packages or contacting the maintainers for compatibility details.

For more details on compatibility guidance, see:
https://github.com/storybookjs/storybook/issues/32836
[17:29:21.601] [ERROR] [38;2;241;97;97mSB_CORE-SERVER_0002 (CriticalPresetLoadError): Storybook failed to load the following preset: ./.storybook/main.ts.

Please check whether your setup is correct, the Storybook dependencies (and their peer dependencies) are installed correctly and there are no package version clashes.

If you believe this is a bug, please open an issue on Github.

ReferenceError: require is not defined in ES module scope, you can use import instead
    at getAbsolutePath (file://./.storybook/main.ts:3:18)
    at file://./.storybook/main.ts:12:5
    at ModuleJob.run (node:internal/modules/esm/module_job:271:25)
    at async onImport.tracePromise.__proto__ (node:internal/modules/esm/loader:547:26)
    at async importModule (file:///Users/umam3/projects/boardwalk/p-zero/autoform/node_modules/.pnpm/storybook@10.1.10_@testing-library+dom@10.4.1_prettier@3.7.4_react-dom@19.2.3_react@19.2.3/node_modules/storybook/dist/_node-chunks/chunk-BA3X633S.js:732:11)
    at async loadMainConfig (file:///Users/umam3/projects/boardwalk/p-zero/autoform/node_modules/.pnpm/storybook@10.1.10_@testing-library+dom@10.4.1_prettier@3.7.4_react-dom@19.2.3_react@19.2.3/node_modules/storybook/dist/_node-chunks/chunk-LLCTWVOB.js:11670:12)
    at async buildDevStandalone (file:///Users/umam3/projects/boardwalk/p-zero/autoform/node_modules/.pnpm/storybook@10.1.10_@testing-library+dom@10.4.1_prettier@3.7.4_react-dom@19.2.3_react@19.2.3/node_modules/storybook/dist/core-server/index.js:7149:16)
    at async withTelemetry (file:///Users/umam3/projects/boardwalk/p-zero/autoform/node_modules/.pnpm/storybook@10.1.10_@testing-library+dom@10.4.1_prettier@3.7.4_react-dom@19.2.3_react@19.2.3/node_modules/storybook/dist/_node-chunks/chunk-PGCRO4IZ.js:209:12)
    at async dev (file:///Users/umam3/projects/boardwalk/p-zero/autoform/node_modules/.pnpm/storybook@10.1.10_@testing-library+dom@10.4.1_prettier@3.7.4_react-dom@19.2.3_react@19.2.3/node_modules/storybook/dist/bin/core.js:2734:3)
    at async _Command.<anonymous> (file:///Users/umam3/projects/boardwalk/p-zero/autoform/node_modules/.pnpm/storybook@10.1.10_@testing-library+dom@10.4.1_prettier@3.7.4_react-dom@19.2.3_react@19.2.3/node_modules/storybook/dist/bin/core.js:2801:92)

More info: 
[39m
    at loadPreset (file:///Users/umam3/projects/boardwalk/p-zero/autoform/node_modules/.pnpm/storybook@10.1.10_@testing-library+dom@10.4.1_prettier@3.7.4_react-dom@19.2.3_react@19.2.3/node_modules/storybook/dist/_node-chunks/chunk-LLCTWVOB.js:10101:13)
    at async Promise.all (index 1)
    at async loadPresets (file:///Users/umam3/projects/boardwalk/p-zero/autoform/node_modules/.pnpm/storybook@10.1.10_@testing-library+dom@10.4.1_prettier@3.7.4_react-dom@19.2.3_react@19.2.3/node_modules/storybook/dist/_node-chunks/chunk-LLCTWVOB.js:10110:73)
    at async getPresets (file:///Users/umam3/projects/boardwalk/p-zero/autoform/node_modules/.pnpm/storybook@10.1.10_@testing-library+dom@10.4.1_prettier@3.7.4_react-dom@19.2.3_react@19.2.3/node_modules/storybook/dist/_node-chunks/chunk-LLCTWVOB.js:10141:23)
    at async buildDevStandalone (file:///Users/umam3/projects/boardwalk/p-zero/autoform/node_modules/.pnpm/storybook@10.1.10_@testing-library+dom@10.4.1_prettier@3.7.4_react-dom@19.2.3_react@19.2.3/node_modules/storybook/dist/core-server/index.js:7163:17)
    at async withTelemetry (file:///Users/umam3/projects/boardwalk/p-zero/autoform/node_modules/.pnpm/storybook@10.1.10_@testing-library+dom@10.4.1_prettier@3.7.4_react-dom@19.2.3_react@19.2.3/node_modules/storybook/dist/_node-chunks/chunk-PGCRO4IZ.js:209:12)
    at async dev (file:///Users/umam3/projects/boardwalk/p-zero/autoform/node_modules/.pnpm/storybook@10.1.10_@testing-library+dom@10.4.1_prettier@3.7.4_react-dom@19.2.3_react@19.2.3/node_modules/storybook/dist/bin/core.js:2734:3)
    at async _Command.<anonymous> (file:///Users/umam3/projects/boardwalk/p-zero/autoform/node_modules/.pnpm/storybook@10.1.10_@testing-library+dom@10.4.1_prettier@3.7.4_react-dom@19.2.3_react@19.2.3/node_modules/storybook/dist/bin/core.js:2801:92)
[17:29:21.604] [WARN] Broken build, fix the error above.
You may need to refresh the browser.
[17:29:21.605] [WARN]   Failed to load preset: "/Users/umam3/projects/boardwalk/p-zero/autoform/packages/shadcn/.storybook/main.ts"
[17:29:21.605] [ERROR] [38;2;241;97;97mReferenceError: require is not defined in ES module scope, you can use import instead[39m
    at getAbsolutePath (file://./.storybook/main.ts:3:18)
    at file://./.storybook/main.ts:12:5
    at ModuleJob.run (node:internal/modules/esm/module_job:271:25)
    at async onImport.tracePromise.__proto__ (node:internal/modules/esm/loader:547:26)
    at async importModule (file:///Users/umam3/projects/boardwalk/p-zero/autoform/node_modules/.pnpm/storybook@10.1.10_@testing-library+dom@10.4.1_prettier@3.7.4_react-dom@19.2.3_react@19.2.3/node_modules/storybook/dist/_node-chunks/chunk-BA3X633S.js:732:11)
    at async loadMainConfig (file:///Users/umam3/projects/boardwalk/p-zero/autoform/node_modules/.pnpm/storybook@10.1.10_@testing-library+dom@10.4.1_prettier@3.7.4_react-dom@19.2.3_react@19.2.3/node_modules/storybook/dist/_node-chunks/chunk-LLCTWVOB.js:11670:12)
    at async buildDevStandalone (file:///Users/umam3/projects/boardwalk/p-zero/autoform/node_modules/.pnpm/storybook@10.1.10_@testing-library+dom@10.4.1_prettier@3.7.4_react-dom@19.2.3_react@19.2.3/node_modules/storybook/dist/core-server/index.js:7149:16)
    at async withTelemetry (file:///Users/umam3/projects/boardwalk/p-zero/autoform/node_modules/.pnpm/storybook@10.1.10_@testing-library+dom@10.4.1_prettier@3.7.4_react-dom@19.2.3_react@19.2.3/node_modules/storybook/dist/_node-chunks/chunk-PGCRO4IZ.js:209:12)
    at async dev (file:///Users/umam3/projects/boardwalk/p-zero/autoform/node_modules/.pnpm/storybook@10.1.10_@testing-library+dom@10.4.1_prettier@3.7.4_react-dom@19.2.3_react@19.2.3/node_modules/storybook/dist/bin/core.js:2734:3)
    at async _Command.<anonymous> (file:///Users/umam3/projects/boardwalk/p-zero/autoform/node_modules/.pnpm/storybook@10.1.10_@testing-library+dom@10.4.1_prettier@3.7.4_react-dom@19.2.3_react@19.2.3/node_modules/storybook/dist/bin/core.js:2801:92)
[17:29:26.155] [PROMPT] Would you like to send anonymous crash reports to improve Storybook and fix bugs faster? {"choice":false}
[17:29:26.158] [INFO] Storybook collects completely anonymous usage telemetry. We use it to shape Storybook's roadmap and prioritize features. You can learn more, including how to opt out, at https://storybook.js.org/telemetry
[17:29:26.164] [INFO] Loading main config failed as the file does not seem to be valid ESM. Trying a temporary fix, please ensure the main config is valid ESM.
[17:29:26.416] [INFO] Loading main config failed as the file does not seem to be valid ESM. Trying a temporary fix, please ensure the main config is valid ESM.
[17:29:26.424] [INFO] Loading main config failed as the file does not seem to be valid ESM. Trying a temporary fix, please ensure the main config is valid ESM.